<?xml version="1.0" encoding="UTF-8"?>
<!-- Generated by org.testng.reporters.JUnitReportReporter -->
<testsuite skipped="0" hostname="Nuthans-MacBook-Pro.local" name="com.spotifyOauth2.tests.PlaylistTests" tests="5" failures="0" timestamp="2023-10-11T20:33:23 IST" time="46.571" errors="0">
  <testcase name="createPlaylistWithExpiredAccessToken" time="7.745" classname="com.spotifyOauth2.tests.PlaylistTests"/>
  <system-out/>
  <testcase name="getAPlaylist" time="9.802" classname="com.spotifyOauth2.tests.PlaylistTests"/>
  <system-out/>
  <testcase name="createPlaylist" time="9.802" classname="com.spotifyOauth2.tests.PlaylistTests"/>
  <system-out/>
  <testcase name="updatePlaylist" time="9.715" classname="com.spotifyOauth2.tests.PlaylistTests"/>
  <system-out/>
  <testcase name="createPlaylistWithoutName" time="9.507" classname="com.spotifyOauth2.tests.PlaylistTests"/>
  <system-out/>
</testsuite> <!-- com.spotifyOauth2.tests.PlaylistTests -->
